<?xml version="1.0" encoding="UTF-8"?>
<coverage generated="1648014202539" clover="3.2.0">
  <project timestamp="1648014202539" name="All files">
    <metrics statements="13" coveredstatements="11" conditionals="9" coveredconditionals="3" methods="6" coveredmethods="5" elements="28" coveredelements="19" complexity="0" loc="13" ncloc="13" packages="3" files="3" classes="3"/>
    <package name="codeBox">
      <metrics statements="2" coveredstatements="2" conditionals="0" coveredconditionals="0" methods="1" coveredmethods="1"/>
      <file name="index.tsx" path="/Users/zhourunkai/Desktop/code-traveling/05-react-training-camp/v17/src/components/codeBox/index.tsx">
        <metrics statements="2" coveredstatements="2" conditionals="0" coveredconditionals="0" methods="1" coveredmethods="1"/>
        <line num="42" count="1" type="stmt"/>
        <line num="47" count="1" type="stmt"/>
      </file>
    </package>
    <package name="jsonTree">
      <metrics statements="2" coveredstatements="2" conditionals="0" coveredconditionals="0" methods="1" coveredmethods="1"/>
      <file name="index.tsx" path="/Users/zhourunkai/Desktop/code-traveling/05-react-training-camp/v17/src/components/jsonTree/index.tsx">
        <metrics statements="2" coveredstatements="2" conditionals="0" coveredconditionals="0" methods="1" coveredmethods="1"/>
        <line num="3" count="1" type="stmt"/>
        <line num="26" count="1" type="stmt"/>
      </file>
    </package>
    <package name="markdown">
      <metrics statements="9" coveredstatements="7" conditionals="9" coveredconditionals="3" methods="4" coveredmethods="3"/>
      <file name="index.tsx" path="/Users/zhourunkai/Desktop/code-traveling/05-react-training-camp/v17/src/components/markdown/index.tsx">
        <metrics statements="9" coveredstatements="7" conditionals="9" coveredconditionals="3" methods="4" coveredmethods="3"/>
        <line num="12" count="1" type="stmt"/>
        <line num="14" count="1" type="cond" truecount="1" falsecount="0"/>
        <line num="15" count="4" type="stmt"/>
        <line num="16" count="4" type="stmt"/>
        <line num="20" count="0" type="cond" truecount="0" falsecount="2"/>
        <line num="21" count="0" type="cond" truecount="0" falsecount="4"/>
        <line num="39" count="4" type="stmt"/>
        <line num="40" count="3" type="stmt"/>
        <line num="47" count="4" type="cond" truecount="2" falsecount="0"/>
      </file>
    </package>
  </project>
</coverage>
