{"/Users/zhourunkai/Desktop/code-traveling/05-react-training-camp/v17/src/components/code-box/index.tsx": {"path":"/Users/zhourunkai/Desktop/code-traveling/05-react-training-camp/v17/src/components/code-box/index.tsx","statementMap":{"0":{"start":{"line":42,"column":16},"end":{"line":64,"column":1}},"1":{"start":{"line":47,"column":2},"end":{"line":63,"column":4}}},"fnMap":{"0":{"name":"(anonymous_0)","decl":{"start":{"line":42,"column":16},"end":{"line":42,"column":17}},"loc":{"start":{"line":47,"column":2},"end":{"line":63,"column":4}},"line":47}},"branchMap":{},"s":{"0":1,"1":1},"f":{"0":1},"b":{},"_coverageSchema":"1a1c01bbd47fc00a2c39e90264f33305004495a9","hash":"835888c939064cb32197931dd746419d3dd1e46c"}
,"/Users/zhourunkai/Desktop/code-traveling/05-react-training-camp/v17/src/components/json-tree/index.tsx": {"path":"/Users/zhourunkai/Desktop/code-traveling/05-react-training-camp/v17/src/components/json-tree/index.tsx","statementMap":{"0":{"start":{"line":3,"column":14},"end":{"line":20,"column":1}},"1":{"start":{"line":26,"column":17},"end":{"line":26,"column":73}},"2":{"start":{"line":26,"column":35},"end":{"line":26,"column":73}}},"fnMap":{"0":{"name":"(anonymous_0)","decl":{"start":{"line":26,"column":17},"end":{"line":26,"column":18}},"loc":{"start":{"line":26,"column":35},"end":{"line":26,"column":73}},"line":26}},"branchMap":{},"s":{"0":1,"1":1,"2":1},"f":{"0":1},"b":{},"_coverageSchema":"1a1c01bbd47fc00a2c39e90264f33305004495a9","hash":"3d3f6a27bff48ee80a3e17fe754c17b6c0c9e62a"}
,"/Users/zhourunkai/Desktop/code-traveling/05-react-training-camp/v17/src/components/markdown/index.tsx": {"path":"/Users/zhourunkai/Desktop/code-traveling/05-react-training-camp/v17/src/components/markdown/index.tsx","statementMap":{"0":{"start":{"line":12,"column":18},"end":{"line":12,"column":26}},"1":{"start":{"line":14,"column":17},"end":{"line":48,"column":1}},"2":{"start":{"line":15,"column":21},"end":{"line":37,"column":3}},"3":{"start":{"line":16,"column":4},"end":{"line":36,"column":6}},"4":{"start":{"line":20,"column":24},"end":{"line":20,"column":62}},"5":{"start":{"line":21,"column":10},"end":{"line":33,"column":12}},"6":{"start":{"line":39,"column":25},"end":{"line":45,"column":3}},"7":{"start":{"line":40,"column":4},"end":{"line":44,"column":15}},"8":{"start":{"line":47,"column":2},"end":{"line":47,"column":49}}},"fnMap":{"0":{"name":"(anonymous_0)","decl":{"start":{"line":14,"column":17},"end":{"line":14,"column":18}},"loc":{"start":{"line":14,"column":64},"end":{"line":48,"column":1}},"line":14},"1":{"name":"(anonymous_1)","decl":{"start":{"line":15,"column":21},"end":{"line":15,"column":22}},"loc":{"start":{"line":16,"column":4},"end":{"line":36,"column":6}},"line":16},"2":{"name":"(anonymous_2)","decl":{"start":{"line":19,"column":8},"end":{"line":19,"column":9}},"loc":{"start":{"line":19,"column":62},"end":{"line":34,"column":9}},"line":19},"3":{"name":"(anonymous_3)","decl":{"start":{"line":39,"column":25},"end":{"line":39,"column":26}},"loc":{"start":{"line":40,"column":4},"end":{"line":44,"column":15}},"line":40}},"branchMap":{"0":{"loc":{"start":{"line":14,"column":37},"end":{"line":14,"column":49}},"type":"default-arg","locations":[{"start":{"line":14,"column":45},"end":{"line":14,"column":49}}],"line":14},"1":{"loc":{"start":{"line":20,"column":46},"end":{"line":20,"column":61}},"type":"binary-expr","locations":[{"start":{"line":20,"column":46},"end":{"line":20,"column":55}},{"start":{"line":20,"column":59},"end":{"line":20,"column":61}}],"line":20},"2":{"loc":{"start":{"line":21,"column":17},"end":{"line":33,"column":11}},"type":"cond-expr","locations":[{"start":{"line":22,"column":12},"end":{"line":28,"column":14}},{"start":{"line":30,"column":12},"end":{"line":32,"column":19}}],"line":21},"3":{"loc":{"start":{"line":21,"column":17},"end":{"line":21,"column":33}},"type":"binary-expr","locations":[{"start":{"line":21,"column":17},"end":{"line":21,"column":24}},{"start":{"line":21,"column":28},"end":{"line":21,"column":33}}],"line":21},"4":{"loc":{"start":{"line":47,"column":9},"end":{"line":47,"column":48}},"type":"cond-expr","locations":[{"start":{"line":47,"column":17},"end":{"line":47,"column":33}},{"start":{"line":47,"column":36},"end":{"line":47,"column":48}}],"line":47}},"s":{"0":1,"1":1,"2":4,"3":4,"4":0,"5":0,"6":4,"7":3,"8":4},"f":{"0":4,"1":4,"2":0,"3":3},"b":{"0":[2],"1":[0,0],"2":[0,0],"3":[0,0],"4":[3,1]},"_coverageSchema":"1a1c01bbd47fc00a2c39e90264f33305004495a9","hash":"c9d40cedc66b48dd29ceae5eb26c3cedaff61c47"}
}
