TN:
SF:src/components/code-box/index.tsx
FN:42,(anonymous_0)
FNF:1
FNH:1
FNDA:1,(anonymous_0)
DA:42,1
DA:47,1
LF:2
LH:2
BRF:0
BRH:0
end_of_record
TN:
SF:src/components/json-tree/index.tsx
FN:26,(anonymous_0)
FNF:1
FNH:1
FNDA:1,(anonymous_0)
DA:3,1
DA:26,1
LF:2
LH:2
BRF:0
BRH:0
end_of_record
TN:
SF:src/components/markdown/index.tsx
FN:14,(anonymous_0)
FN:15,(anonymous_1)
FN:19,(anonymous_2)
FN:39,(anonymous_3)
FNF:4
FNH:3
FNDA:4,(anonymous_0)
FNDA:4,(anonymous_1)
FNDA:0,(anonymous_2)
FNDA:3,(anonymous_3)
DA:12,1
DA:14,1
DA:15,4
DA:16,4
DA:20,0
DA:21,0
DA:39,4
DA:40,3
DA:47,4
LF:9
LH:7
BRDA:14,0,0,2
BRDA:20,1,0,0
BRDA:20,1,1,0
BRDA:21,2,0,0
BRDA:21,2,1,0
BRDA:21,3,0,0
BRDA:21,3,1,0
BRDA:47,4,0,3
BRDA:47,4,1,1
BRF:9
BRH:3
end_of_record
